Build started 2/6/2016 11:01:01 PM.
     1>Project "C:\Users\100559819\Desktop\Mek Game Folder\Mek\Mek.vcxproj" on node 2 (Build target(s)).
     1>ClCompile:
         C:\Program Files (x86)\Microsoft Visual Studio 12.0\VC\bin\CL.exe /c /Zi /nologo /W3 /WX- /sdl /O2 /Oi /Oy- /GL /D _CRT_SECURE_NO_WARNINGS /D _MBCS /D _MBCS /Gm- /EHsc /MD /GS /Gy /fp:precise /Zc:wchar_t /Zc:forScope /Fo"Release\\" /Fd"Release\vc120.pdb" /Gd /TP /analyze- /errorReport:prompt main.cpp
         main.cpp
     1>C:\Program Files (x86)\Windows Kits\8.1\Include\shared\minwindef.h(130): warning C4005: 'APIENTRY' : macro redefinition
                 c:\users\100559819\desktop\mek game folder\mek\include\GL\glfw3.h(85) : see previous definition of 'APIENTRY'
     1>c:\users\100559819\desktop\mek game folder\mek\NavMesh.inl(33): warning C4244: 'argument' : conversion from 'float' to 'unsigned int', possible loss of data
     1>c:\users\100559819\desktop\mek game folder\mek\NavMesh.inl(42): warning C4244: '=' : conversion from 'double' to 'float', possible loss of data
     1>c:\users\100559819\desktop\mek game folder\mek\NavMesh.inl(43): warning C4244: '=' : conversion from 'double' to 'float', possible loss of data
     1>c:\users\100559819\desktop\mek game folder\mek\NavMesh.inl(44): warning C4244: '=' : conversion from 'double' to 'float', possible loss of data
     1>c:\users\100559819\desktop\mek game folder\mek\NavMesh.inl(73): warning C4244: 'argument' : conversion from 'unsigned int' to 'float', possible loss of data
     1>main.cpp(355): warning C4244: '=' : conversion from 'double' to 'float', possible loss of data
     1>main.cpp(356): warning C4244: '=' : conversion from 'double' to 'float', possible loss of data
     1>main.cpp(408): warning C4244: '=' : conversion from 'float' to 'unsigned int', possible loss of data
     1>main.cpp(411): warning C4553: '==' : operator has no effect; did you intend '='?
     1>main.cpp(551): warning C4305: 'argument' : truncation from 'double' to 'float'
     1>main.cpp(570): warning C4305: '=' : truncation from 'double' to 'float'
     1>main.cpp(577): warning C4305: 'argument' : truncation from 'double' to 'float'
     1>main.cpp(823): warning C4305: '=' : truncation from 'double' to 'float'
         GLM: rotateX function taking degrees as parameters is deprecated. #define GLM_FORCE_RADIANS before including GLM headers to remove this message.
         GLM: rotateY function taking degrees as parameters is deprecated. #define GLM_FORCE_RADIANS before including GLM headers to remove this message.
       Link:
         C:\Program Files (x86)\Microsoft Visual Studio 12.0\VC\bin\link.exe /ERRORREPORT:PROMPT /OUT:"C:\Users\100559819\Desktop\Mek Game Folder\Release\Mek.exe" /NOLOGO /LIBPATH:"C:\Users\100559819\Desktop\Mek Game Folder\Mek\\lib" Win32\assimp.lib Win32\glew32.lib glfw3.lib DevIL.lib ILU.lib ILUT.lib opengl32.lib xinput.lib kernel32.lib user32.lib gdi32.lib winspool.lib comdlg32.lib advapi32.lib shell32.lib ole32.lib oleaut32.lib uuid.lib odbc32.lib odbccp32.lib /MANIFEST /MANIFESTUAC:"level='asInvoker' uiAccess='false'" /manifest:embed /DEBUG /PDB:"C:\Users\100559819\Desktop\Mek Game Folder\Release\Mek.pdb" /OPT:REF /OPT:ICF /LTCG /TLBID:1 /DYNAMICBASE /NXCOMPAT /IMPLIB:"C:\Users\100559819\Desktop\Mek Game Folder\Release\Mek.lib" /MACHINE:X86 /SAFESEH Release\2dOverlay.obj
         Release\2dOverlayAnim.obj
         Release\Bitmap.obj
         Release\Camera.obj
         Release\ComponentCollision.obj
         Release\ComponentGraphics.obj
         Release\Framebuffer.obj
         Release\GameObject.obj
         Release\ComponentInput.obj
         Release\Interpolation.obj
         Release\main.obj
         Release\Program.obj
         Release\Projectile.obj
         Release\RayVsTriangle.obj
         Release\Shader.obj
         Release\Skybox.obj
         Release\Target.obj
         Release\Terrain.obj
         Release\TextRendering.obj
         Release\Texture.obj
         Generating code
         Finished generating code
         Mek.vcxproj -> C:\Users\100559819\Desktop\Mek Game Folder\Release\Mek.exe
     1>Done Building Project "C:\Users\100559819\Desktop\Mek Game Folder\Mek\Mek.vcxproj" (Build target(s)).

Build succeeded.

Time Elapsed 00:00:04.14
